<?xml version="1.0" encoding="UTF-8"?>
<!-- Generated by org.testng.reporters.JUnitXMLReporter -->
<testsuite ignored="0" hostname="LTIN593459" failures="0" tests="12" name="Test" time="143.223" errors="0" timestamp="2025-04-20T19:13:57 IST">
  <testcase classname="TestCases.TC_01_HospitalList" name="validationoftitle" time="0.432"/>
  <testcase classname="TestCases.TC_01_HospitalList" name="searchforhospitals" time="6.78"/>
  <testcase classname="TestCases.TC_01_HospitalList" name="locationsearch" time="3.054"/>
  <testcase classname="TestCases.TC_01_HospitalList" name="HospitalList" time="66.701"/>
  <testcase classname="TestCases.TC_02_DiagnosticPage" name="valiationfortitleTC2" time="0.523"/>
  <testcase classname="TestCases.TC_02_DiagnosticPage" name="diagnosticclick" time="6.852"/>
  <testcase classname="TestCases.TC_02_DiagnosticPage" name="validationfordiagnosticpage" time="0.374"/>
  <testcase classname="TestCases.TC_02_DiagnosticPage" name="topcitiesdisplay" time="0.58"/>
  <testcase classname="TestCases.TC__03_HealthandWellnessPage" name="click" time="3.942"/>
  <testcase classname="TestCases.TC__03_HealthandWellnessPage" name="clickAgainWithExcelData" time="8.268"/>
  <testcase classname="TestCases.TC__03_HealthandWellnessPage" name="clickOnceAgain" time="5.283"/>
  <testcase classname="TestCases.TC__03_HealthandWellnessPage" name="validate_Thankyou" time="0.329"/>
</testsuite> <!-- Test -->
